13/06/2018 18:19:13: java.io.FileNotFoundException: C:\Users\Vinicios\Desktop\Biblioteca.save (O sistema não pode encontrar o arquivo especificado)
13/06/2018 19:07:33: java.io.FileNotFoundException: LibrarySave (O sistema não pode encontrar o arquivo especificado)
13/06/2018 19:07:33: java.io.FileNotFoundException: C:\Users\Vinicios\Desktop\Biblioteca.save (O sistema não pode encontrar o arquivo especificado)
13/06/2018 19:07:41: java.io.FileNotFoundException: C:\Users\Vinicios\Desktop\Biblioteca.save (O sistema não pode encontrar o arquivo especificado)
13/06/2018 19:07:45: java.io.FileNotFoundException: C:\Users\Vinicios\Desktop\Biblioteca.save (O sistema não pode encontrar o arquivo especificado)
13/06/2018 19:10:00: java.io.FileNotFoundException: C:\Users\Vinicios\Desktop\xzc.save (O sistema não pode encontrar o arquivo especificado)
13/06/2018 19:28:47: java.io.FileNotFoundException: LastLibraryUsed.txt (O sistema não pode encontrar o arquivo especificado)
13/06/2018 19:28:47: java.lang.NullPointerException
13/06/2018 19:30:26: java.io.FileNotFoundException: LibrarySave.save (O sistema não pode encontrar o arquivo especificado)
13/06/2018 19:30:26: java.io.FileNotFoundException: C:\Users\Vinicios\Desktop\xzc.save (O sistema não pode encontrar o arquivo especificado)
13/06/2018 19:32:51: java.io.FileNotFoundException: LastLibraryUsed.txt (O sistema não pode encontrar o arquivo especificado)
13/06/2018 19:34:55: java.io.FileNotFoundException: LastLibraryUsed.txt (O sistema não pode encontrar o arquivo especificado)
13/06/2018 19:35:38: java.io.FileNotFoundException: LastLibraryUsed.txt (O sistema não pode encontrar o arquivo especificado)
13/06/2018 19:36:19: java.io.FileNotFoundException: LastLibraryUsed.txt (O sistema não pode encontrar o arquivo especificado)
13/06/2018 19:36:26: java.io.FileNotFoundException: LastLibraryUsed.txt (O sistema não pode encontrar o arquivo especificado)
13/06/2018 19:36:26: java.lang.NullPointerException
13/06/2018 19:39:12: java.io.FileNotFoundException: LastLibraryUsed.txt (O sistema não pode encontrar o arquivo especificado)
13/06/2018 19:39:15: java.io.FileNotFoundException: LibrarySave.save (O sistema não pode encontrar o arquivo especificado)
13/06/2018 19:39:15: java.io.FileNotFoundException: Vazio (O sistema não pode encontrar o arquivo especificado)
13/06/2018 19:43:42: java.io.FileNotFoundException: C:\Users\Vinicios\Desktop\NewLibrary.save (O sistema não pode encontrar o arquivo especificado)
13/06/2018 20:27:23: java.io.FileNotFoundException: LastLibraryUsed.txt (O sistema não pode encontrar o arquivo especificado)
13/06/2018 20:27:28: java.io.FileNotFoundException: LibrarySave.save (O sistema não pode encontrar o arquivo especificado)
13/06/2018 20:27:28: java.io.FileNotFoundException: empty (O sistema não pode encontrar o arquivo especificado)
13/06/2018 20:29:07: java.io.FileNotFoundException: LastLibraryUsed.txt (O sistema não pode encontrar o arquivo especificado)
13/06/2018 20:29:09: java.io.FileNotFoundException: LibrarySave.save (O sistema não pode encontrar o arquivo especificado)
13/06/2018 20:29:09: java.io.FileNotFoundException: empty (O sistema não pode encontrar o arquivo especificado)
13/06/2018 20:31:26: java.io.FileNotFoundException: LastLibraryUsed.txt (O sistema não pode encontrar o arquivo especificado)
13/06/2018 20:31:27: java.io.FileNotFoundException: LibrarySave.save (O sistema não pode encontrar o arquivo especificado)
13/06/2018 20:31:27: java.io.FileNotFoundException: empty (O sistema não pode encontrar o arquivo especificado)
13/06/2018 20:33:27: java.io.FileNotFoundException: LastLibraryUsed.txt (O sistema não pode encontrar o arquivo especificado)
13/06/2018 20:33:28: java.io.FileNotFoundException: LibrarySave.save (O sistema não pode encontrar o arquivo especificado)
13/06/2018 20:33:28: java.io.FileNotFoundException: empty (O sistema não pode encontrar o arquivo especificado)
13/06/2018 20:33:35: java.io.FileNotFoundException: LastLibraryUsed.txt (O sistema não pode encontrar o arquivo especificado)
13/06/2018 20:33:36: java.io.FileNotFoundException: LibrarySave.save (O sistema não pode encontrar o arquivo especificado)
13/06/2018 20:33:36: java.io.FileNotFoundException: empty (O sistema não pode encontrar o arquivo especificado)
13/06/2018 20:37:33: java.io.FileNotFoundException: LastLibraryUsed.txt (O sistema não pode encontrar o arquivo especificado)
13/06/2018 20:37:33: java.io.FileNotFoundException: LibrarySave.save (O sistema não pode encontrar o arquivo especificado)
13/06/2018 20:37:33: java.io.FileNotFoundException: empty (O sistema não pode encontrar o arquivo especificado)
13/06/2018 20:39:13: java.io.FileNotFoundException: LastLibraryUsed.txt (O sistema não pode encontrar o arquivo especificado)
13/06/2018 20:39:15: java.io.FileNotFoundException: LibrarySave.save (O sistema não pode encontrar o arquivo especificado)
13/06/2018 20:39:15: java.io.FileNotFoundException: empty (O sistema não pode encontrar o arquivo especificado)
13/06/2018 20:44:34: java.io.FileNotFoundException: LastLibraryUsed.txt (O sistema não pode encontrar o arquivo especificado)
13/06/2018 20:44:35: java.io.FileNotFoundException: LibrarySave.save (O sistema não pode encontrar o arquivo especificado)
13/06/2018 20:44:35: java.io.FileNotFoundException: empty (O sistema não pode encontrar o arquivo especificado)
13/06/2018 20:46:18: java.io.FileNotFoundException: LastLibraryUsed.txt (O sistema não pode encontrar o arquivo especificado)
13/06/2018 20:46:19: java.io.FileNotFoundException: LibrarySave.save (O sistema não pode encontrar o arquivo especificado)
13/06/2018 20:46:19: java.io.FileNotFoundException: empty (O sistema não pode encontrar o arquivo especificado)
13/06/2018 20:52:38: java.io.FileNotFoundException: LastLibraryUsed.txt (O sistema não pode encontrar o arquivo especificado)
13/06/2018 20:52:39: java.io.FileNotFoundException: LibrarySave.save (O sistema não pode encontrar o arquivo especificado)
13/06/2018 20:52:39: java.io.FileNotFoundException: empty (O sistema não pode encontrar o arquivo especificado)
13/06/2018 21:07:57: java.io.FileNotFoundException: LastLibraryUsed.txt (O sistema não pode encontrar o arquivo especificado)
13/06/2018 21:07:58: java.io.FileNotFoundException: LibrarySave.save (O sistema não pode encontrar o arquivo especificado)
13/06/2018 21:07:58: java.io.FileNotFoundException: empty (O sistema não pode encontrar o arquivo especificado)
13/06/2018 21:09:40: java.io.FileNotFoundException: LastLibraryUsed.txt (O sistema não pode encontrar o arquivo especificado)
13/06/2018 21:09:41: java.io.FileNotFoundException: LibrarySave.save (O sistema não pode encontrar o arquivo especificado)
13/06/2018 21:09:41: java.io.FileNotFoundException: empty (O sistema não pode encontrar o arquivo especificado)
13/06/2018 21:33:57: java.io.FileNotFoundException: LastLibraryUsed.txt (O sistema não pode encontrar o arquivo especificado)
13/06/2018 21:33:58: java.io.FileNotFoundException: LibrarySave.save (O sistema não pode encontrar o arquivo especificado)
13/06/2018 21:33:58: java.io.FileNotFoundException: empty (O sistema não pode encontrar o arquivo especificado)
13/06/2018 21:37:18: java.io.FileNotFoundException: LastLibraryUsed.txt (O sistema não pode encontrar o arquivo especificado)
13/06/2018 21:37:20: java.io.FileNotFoundException: LibrarySave.save (O sistema não pode encontrar o arquivo especificado)
13/06/2018 21:37:20: java.io.FileNotFoundException: empty (O sistema não pode encontrar o arquivo especificado)
13/06/2018 21:41:47: java.io.FileNotFoundException: LastLibraryUsed.txt (O sistema não pode encontrar o arquivo especificado)
13/06/2018 21:41:49: java.io.FileNotFoundException: LibrarySave.save (O sistema não pode encontrar o arquivo especificado)
13/06/2018 21:41:49: java.io.FileNotFoundException: empty (O sistema não pode encontrar o arquivo especificado)
14/06/2018 17:29:05: java.io.FileNotFoundException: LastLibraryUsed.txt (O sistema não pode encontrar o arquivo especificado)
14/06/2018 17:29:07: java.io.FileNotFoundException: LibrarySave.save (O sistema não pode encontrar o arquivo especificado)
14/06/2018 17:29:07: java.io.FileNotFoundException: empty (O sistema não pode encontrar o arquivo especificado)
15/06/2018 00:18:53: java.io.FileNotFoundException: LastLibraryUsed.txt (O sistema não pode encontrar o arquivo especificado)
15/06/2018 00:18:54: java.io.FileNotFoundException: LibrarySave.save (O sistema não pode encontrar o arquivo especificado)
15/06/2018 00:18:54: java.io.FileNotFoundException: empty (O sistema não pode encontrar o arquivo especificado)
15/06/2018 00:19:30: java.io.FileNotFoundException: LastLibraryUsed.txt (O sistema não pode encontrar o arquivo especificado)
15/06/2018 00:19:30: java.io.FileNotFoundException: LibrarySave.save (O sistema não pode encontrar o arquivo especificado)
15/06/2018 00:19:30: java.io.FileNotFoundException: empty (O sistema não pode encontrar o arquivo especificado)
15/06/2018 01:07:22: java.io.FileNotFoundException: LastLibraryUsed.txt (O sistema não pode encontrar o arquivo especificado)
15/06/2018 01:07:23: java.io.FileNotFoundException: LibrarySave.save (O sistema não pode encontrar o arquivo especificado)
15/06/2018 01:07:23: java.io.FileNotFoundException: empty (O sistema não pode encontrar o arquivo especificado)
15/06/2018 01:22:51: java.io.FileNotFoundException: LastLibraryUsed.txt (O sistema não pode encontrar o arquivo especificado)
15/06/2018 01:22:52: java.io.FileNotFoundException: LibrarySave.save (O sistema não pode encontrar o arquivo especificado)
15/06/2018 01:22:52: java.io.FileNotFoundException: empty (O sistema não pode encontrar o arquivo especificado)
15/06/2018 01:24:41: java.io.FileNotFoundException: LastLibraryUsed.txt (O sistema não pode encontrar o arquivo especificado)
15/06/2018 01:24:42: java.io.FileNotFoundException: LibrarySave.save (O sistema não pode encontrar o arquivo especificado)
15/06/2018 01:24:42: java.io.FileNotFoundException: empty (O sistema não pode encontrar o arquivo especificado)
15/06/2018 01:26:17: java.io.FileNotFoundException: LastLibraryUsed.txt (O sistema não pode encontrar o arquivo especificado)
15/06/2018 01:26:18: java.io.FileNotFoundException: LibrarySave.save (O sistema não pode encontrar o arquivo especificado)
15/06/2018 01:26:18: java.io.FileNotFoundException: empty (O sistema não pode encontrar o arquivo especificado)
15/06/2018 01:30:57: java.io.FileNotFoundException: LastLibraryUsed.txt (O sistema não pode encontrar o arquivo especificado)
15/06/2018 01:30:58: java.io.FileNotFoundException: LibrarySave.save (O sistema não pode encontrar o arquivo especificado)
15/06/2018 01:30:58: java.io.FileNotFoundException: empty (O sistema não pode encontrar o arquivo especificado)
15/06/2018 01:34:34: java.io.FileNotFoundException: LastLibraryUsed.txt (O sistema não pode encontrar o arquivo especificado)
15/06/2018 01:34:35: java.io.FileNotFoundException: LibrarySave.save (O sistema não pode encontrar o arquivo especificado)
15/06/2018 01:34:35: java.io.FileNotFoundException: empty (O sistema não pode encontrar o arquivo especificado)
15/06/2018 01:36:39: java.io.FileNotFoundException: LastLibraryUsed.txt (O sistema não pode encontrar o arquivo especificado)
15/06/2018 01:36:41: java.io.FileNotFoundException: LibrarySave.save (O sistema não pode encontrar o arquivo especificado)
15/06/2018 01:36:41: java.io.FileNotFoundException: empty (O sistema não pode encontrar o arquivo especificado)
15/06/2018 01:44:47: java.io.FileNotFoundException: LastLibraryUsed.txt (O sistema não pode encontrar o arquivo especificado)
15/06/2018 01:44:48: java.io.FileNotFoundException: LibrarySave.save (O sistema não pode encontrar o arquivo especificado)
15/06/2018 01:44:48: java.io.FileNotFoundException: empty (O sistema não pode encontrar o arquivo especificado)
15/06/2018 01:45:00: java.io.FileNotFoundException: LastLibraryUsed.txt (O sistema não pode encontrar o arquivo especificado)
15/06/2018 01:45:01: java.io.FileNotFoundException: LibrarySave.save (O sistema não pode encontrar o arquivo especificado)
15/06/2018 01:45:01: java.io.FileNotFoundException: empty (O sistema não pode encontrar o arquivo especificado)
15/06/2018 01:46:01: java.io.FileNotFoundException: LastLibraryUsed.txt (O sistema não pode encontrar o arquivo especificado)
15/06/2018 01:46:02: java.io.FileNotFoundException: LibrarySave.save (O sistema não pode encontrar o arquivo especificado)
15/06/2018 01:46:02: java.io.FileNotFoundException: empty (O sistema não pode encontrar o arquivo especificado)
15/06/2018 02:07:53: java.io.FileNotFoundException: LastLibraryUsed.txt (O sistema não pode encontrar o arquivo especificado)
15/06/2018 02:07:54: java.io.FileNotFoundException: LibrarySave.save (O sistema não pode encontrar o arquivo especificado)
15/06/2018 02:07:54: java.io.FileNotFoundException: empty (O sistema não pode encontrar o arquivo especificado)
15/06/2018 02:09:55: java.io.FileNotFoundException: LastLibraryUsed.txt (O sistema não pode encontrar o arquivo especificado)
15/06/2018 02:09:56: java.io.FileNotFoundException: LibrarySave.save (O sistema não pode encontrar o arquivo especificado)
15/06/2018 02:09:56: java.io.FileNotFoundException: empty (O sistema não pode encontrar o arquivo especificado)
15/06/2018 02:12:33: java.io.FileNotFoundException: LastLibraryUsed.txt (O sistema não pode encontrar o arquivo especificado)
15/06/2018 02:12:34: java.io.FileNotFoundException: LibrarySave.save (O sistema não pode encontrar o arquivo especificado)
15/06/2018 02:12:34: java.io.FileNotFoundException: empty (O sistema não pode encontrar o arquivo especificado)
15/06/2018 02:16:48: java.io.FileNotFoundException: LastLibraryUsed.txt (O sistema não pode encontrar o arquivo especificado)
15/06/2018 02:16:49: java.io.FileNotFoundException: LibrarySave.save (O sistema não pode encontrar o arquivo especificado)
15/06/2018 02:16:49: java.io.FileNotFoundException: empty (O sistema não pode encontrar o arquivo especificado)
15/06/2018 02:17:17: java.io.FileNotFoundException: LastLibraryUsed.txt (O sistema não pode encontrar o arquivo especificado)
15/06/2018 02:17:18: java.io.FileNotFoundException: LibrarySave.save (O sistema não pode encontrar o arquivo especificado)
15/06/2018 02:17:18: java.io.FileNotFoundException: empty (O sistema não pode encontrar o arquivo especificado)
15/06/2018 02:20:13: java.io.FileNotFoundException: LastLibraryUsed.txt (O sistema não pode encontrar o arquivo especificado)
15/06/2018 02:20:14: java.io.FileNotFoundException: LibrarySave.save (O sistema não pode encontrar o arquivo especificado)
15/06/2018 02:20:14: java.io.FileNotFoundException: empty (O sistema não pode encontrar o arquivo especificado)
15/06/2018 02:28:37: java.io.FileNotFoundException: LastLibraryUsed.txt (O sistema não pode encontrar o arquivo especificado)
15/06/2018 02:28:39: java.io.FileNotFoundException: LibrarySave.save (O sistema não pode encontrar o arquivo especificado)
15/06/2018 02:28:39: java.io.FileNotFoundException: empty (O sistema não pode encontrar o arquivo especificado)
15/06/2018 02:29:02: java.io.FileNotFoundException: LastLibraryUsed.txt (O sistema não pode encontrar o arquivo especificado)
15/06/2018 02:29:03: java.io.FileNotFoundException: LibrarySave.save (O sistema não pode encontrar o arquivo especificado)
15/06/2018 02:29:03: java.io.FileNotFoundException: empty (O sistema não pode encontrar o arquivo especificado)
15/06/2018 02:29:22: java.io.FileNotFoundException: LastLibraryUsed.txt (O sistema não pode encontrar o arquivo especificado)
15/06/2018 02:29:23: java.io.FileNotFoundException: LibrarySave.save (O sistema não pode encontrar o arquivo especificado)
15/06/2018 02:29:23: java.io.FileNotFoundException: empty (O sistema não pode encontrar o arquivo especificado)
15/06/2018 02:33:12: java.io.FileNotFoundException: LastLibraryUsed.txt (O sistema não pode encontrar o arquivo especificado)
15/06/2018 02:33:13: java.io.FileNotFoundException: LibrarySave.save (O sistema não pode encontrar o arquivo especificado)
15/06/2018 02:33:13: java.io.FileNotFoundException: empty (O sistema não pode encontrar o arquivo especificado)
15/06/2018 02:33:58: java.io.FileNotFoundException: LastLibraryUsed.txt (O sistema não pode encontrar o arquivo especificado)
15/06/2018 02:33:59: java.io.FileNotFoundException: LibrarySave.save (O sistema não pode encontrar o arquivo especificado)
15/06/2018 02:33:59: java.io.FileNotFoundException: empty (O sistema não pode encontrar o arquivo especificado)
15/06/2018 02:34:45: java.io.FileNotFoundException: LastLibraryUsed.txt (O sistema não pode encontrar o arquivo especificado)
15/06/2018 02:34:46: java.io.FileNotFoundException: LibrarySave.save (O sistema não pode encontrar o arquivo especificado)
15/06/2018 02:34:46: java.io.FileNotFoundException: empty (O sistema não pode encontrar o arquivo especificado)
15/06/2018 02:35:22: java.io.FileNotFoundException: LastLibraryUsed.txt (O sistema não pode encontrar o arquivo especificado)
15/06/2018 02:35:23: java.io.FileNotFoundException: LibrarySave.save (O sistema não pode encontrar o arquivo especificado)
15/06/2018 02:35:23: java.io.FileNotFoundException: empty (O sistema não pode encontrar o arquivo especificado)
15/06/2018 02:35:33: java.io.FileNotFoundException: LastLibraryUsed.txt (O sistema não pode encontrar o arquivo especificado)
15/06/2018 02:35:34: java.io.FileNotFoundException: LibrarySave.save (O sistema não pode encontrar o arquivo especificado)
15/06/2018 02:35:34: java.io.FileNotFoundException: empty (O sistema não pode encontrar o arquivo especificado)
15/06/2018 02:35:48: java.io.FileNotFoundException: LastLibraryUsed.txt (O sistema não pode encontrar o arquivo especificado)
15/06/2018 02:35:49: java.io.FileNotFoundException: LibrarySave.save (O sistema não pode encontrar o arquivo especificado)
15/06/2018 02:35:49: java.io.FileNotFoundException: empty (O sistema não pode encontrar o arquivo especificado)
15/06/2018 02:36:29: java.io.FileNotFoundException: LastLibraryUsed.txt (O sistema não pode encontrar o arquivo especificado)
15/06/2018 02:36:31: java.io.FileNotFoundException: LibrarySave.save (O sistema não pode encontrar o arquivo especificado)
15/06/2018 02:36:31: java.io.FileNotFoundException: empty (O sistema não pode encontrar o arquivo especificado)
15/06/2018 02:36:46: java.io.FileNotFoundException: LastLibraryUsed.txt (O sistema não pode encontrar o arquivo especificado)
15/06/2018 02:36:47: java.io.FileNotFoundException: LibrarySave.save (O sistema não pode encontrar o arquivo especificado)
15/06/2018 02:36:47: java.io.FileNotFoundException: empty (O sistema não pode encontrar o arquivo especificado)
15/06/2018 02:40:39: java.io.FileNotFoundException: LastLibraryUsed.txt (O sistema não pode encontrar o arquivo especificado)
15/06/2018 02:40:40: java.io.FileNotFoundException: LibrarySave.save (O sistema não pode encontrar o arquivo especificado)
15/06/2018 02:40:40: java.io.FileNotFoundException: empty (O sistema não pode encontrar o arquivo especificado)
15/06/2018 02:41:09: java.io.FileNotFoundException: LastLibraryUsed.txt (O sistema não pode encontrar o arquivo especificado)
15/06/2018 02:41:10: java.io.FileNotFoundException: LibrarySave.save (O sistema não pode encontrar o arquivo especificado)
15/06/2018 02:41:10: java.io.FileNotFoundException: empty (O sistema não pode encontrar o arquivo especificado)
15/06/2018 02:42:06: java.io.FileNotFoundException: LastLibraryUsed.txt (O sistema não pode encontrar o arquivo especificado)
15/06/2018 02:42:07: java.io.FileNotFoundException: LibrarySave.save (O sistema não pode encontrar o arquivo especificado)
15/06/2018 02:42:07: java.io.FileNotFoundException: empty (O sistema não pode encontrar o arquivo especificado)
15/06/2018 02:42:28: java.io.FileNotFoundException: LastLibraryUsed.txt (O sistema não pode encontrar o arquivo especificado)
15/06/2018 02:42:28: java.io.FileNotFoundException: LibrarySave.save (O sistema não pode encontrar o arquivo especificado)
15/06/2018 02:42:28: java.io.FileNotFoundException: empty (O sistema não pode encontrar o arquivo especificado)
15/06/2018 02:43:04: java.io.FileNotFoundException: LastLibraryUsed.txt (O sistema não pode encontrar o arquivo especificado)
15/06/2018 02:43:05: java.io.FileNotFoundException: LibrarySave.save (O sistema não pode encontrar o arquivo especificado)
15/06/2018 02:43:05: java.io.FileNotFoundException: empty (O sistema não pode encontrar o arquivo especificado)
15/06/2018 02:43:38: java.io.FileNotFoundException: LastLibraryUsed.txt (O sistema não pode encontrar o arquivo especificado)
15/06/2018 02:43:39: java.io.FileNotFoundException: LibrarySave.save (O sistema não pode encontrar o arquivo especificado)
15/06/2018 02:43:39: java.io.FileNotFoundException: empty (O sistema não pode encontrar o arquivo especificado)
15/06/2018 02:44:38: java.io.FileNotFoundException: LastLibraryUsed.txt (O sistema não pode encontrar o arquivo especificado)
15/06/2018 02:44:39: java.io.FileNotFoundException: LibrarySave.save (O sistema não pode encontrar o arquivo especificado)
15/06/2018 02:44:39: java.io.FileNotFoundException: empty (O sistema não pode encontrar o arquivo especificado)
15/06/2018 02:45:05: java.io.FileNotFoundException: LastLibraryUsed.txt (O sistema não pode encontrar o arquivo especificado)
15/06/2018 02:45:06: java.io.FileNotFoundException: LibrarySave.save (O sistema não pode encontrar o arquivo especificado)
15/06/2018 02:45:06: java.io.FileNotFoundException: empty (O sistema não pode encontrar o arquivo especificado)
15/06/2018 02:45:37: java.io.FileNotFoundException: LastLibraryUsed.txt (O sistema não pode encontrar o arquivo especificado)
15/06/2018 02:45:38: java.io.FileNotFoundException: LibrarySave.save (O sistema não pode encontrar o arquivo especificado)
15/06/2018 02:45:38: java.io.FileNotFoundException: empty (O sistema não pode encontrar o arquivo especificado)
15/06/2018 02:47:29: java.io.FileNotFoundException: LastLibraryUsed.txt (O sistema não pode encontrar o arquivo especificado)
15/06/2018 02:47:30: java.io.FileNotFoundException: LibrarySave.save (O sistema não pode encontrar o arquivo especificado)
15/06/2018 02:47:30: java.io.FileNotFoundException: empty (O sistema não pode encontrar o arquivo especificado)
15/06/2018 02:50:50: java.io.FileNotFoundException: LastLibraryUsed.txt (O sistema não pode encontrar o arquivo especificado)
15/06/2018 02:50:51: java.io.FileNotFoundException: LibrarySave.save (O sistema não pode encontrar o arquivo especificado)
15/06/2018 02:50:51: java.io.FileNotFoundException: empty (O sistema não pode encontrar o arquivo especificado)
15/06/2018 02:51:55: java.io.FileNotFoundException: LastLibraryUsed.txt (O sistema não pode encontrar o arquivo especificado)
15/06/2018 02:51:57: java.io.FileNotFoundException: LibrarySave.save (O sistema não pode encontrar o arquivo especificado)
15/06/2018 02:51:57: java.io.FileNotFoundException: empty (O sistema não pode encontrar o arquivo especificado)
15/06/2018 02:52:45: java.io.FileNotFoundException: LastLibraryUsed.txt (O sistema não pode encontrar o arquivo especificado)
15/06/2018 02:52:45: java.io.FileNotFoundException: LibrarySave.save (O sistema não pode encontrar o arquivo especificado)
15/06/2018 02:52:45: java.io.FileNotFoundException: empty (O sistema não pode encontrar o arquivo especificado)
15/06/2018 02:53:17: java.io.FileNotFoundException: LastLibraryUsed.txt (O sistema não pode encontrar o arquivo especificado)
15/06/2018 02:53:18: java.io.FileNotFoundException: LibrarySave.save (O sistema não pode encontrar o arquivo especificado)
15/06/2018 02:53:18: java.io.FileNotFoundException: empty (O sistema não pode encontrar o arquivo especificado)
15/06/2018 03:13:21: java.io.FileNotFoundException: LastLibraryUsed.txt (O sistema não pode encontrar o arquivo especificado)
15/06/2018 03:13:23: java.io.FileNotFoundException: LibrarySave.save (O sistema não pode encontrar o arquivo especificado)
15/06/2018 03:13:23: java.io.FileNotFoundException: empty (O sistema não pode encontrar o arquivo especificado)
15/06/2018 03:36:11: java.io.FileNotFoundException: LastLibraryUsed.txt (O sistema não pode encontrar o arquivo especificado)
15/06/2018 03:36:12: java.io.FileNotFoundException: LibrarySave.save (O sistema não pode encontrar o arquivo especificado)
15/06/2018 03:36:12: java.io.FileNotFoundException: empty (O sistema não pode encontrar o arquivo especificado)
15/06/2018 03:38:22: java.io.FileNotFoundException: LastLibraryUsed.txt (O sistema não pode encontrar o arquivo especificado)
15/06/2018 03:38:23: java.io.FileNotFoundException: LibrarySave.save (O sistema não pode encontrar o arquivo especificado)
15/06/2018 03:38:23: java.io.FileNotFoundException: empty (O sistema não pode encontrar o arquivo especificado)
15/06/2018 03:49:22: java.io.FileNotFoundException: LastLibraryUsed.txt (O sistema não pode encontrar o arquivo especificado)
15/06/2018 03:49:27: java.io.FileNotFoundException: LibrarySave.save (O sistema não pode encontrar o arquivo especificado)
15/06/2018 03:49:27: java.io.FileNotFoundException: empty (O sistema não pode encontrar o arquivo especificado)
15/06/2018 03:49:44: java.io.InvalidClassException: br.com.acme.AcademicLibrary; local class incompatible: stream classdesc serialVersionUID = 6110982153614438416, local class serialVersionUID = 4931472196554810824
15/06/2018 04:10:54: java.io.FileNotFoundException: LastLibraryUsed.txt (O sistema não pode encontrar o arquivo especificado)
15/06/2018 04:11:00: java.io.FileNotFoundException: LibrarySave.save (O sistema não pode encontrar o arquivo especificado)
15/06/2018 04:11:00: java.io.FileNotFoundException: empty (O sistema não pode encontrar o arquivo especificado)
15/06/2018 04:14:18: java.io.FileNotFoundException: LastLibraryUsed.txt (O sistema não pode encontrar o arquivo especificado)
15/06/2018 04:14:19: java.io.FileNotFoundException: LibrarySave.save (O sistema não pode encontrar o arquivo especificado)
15/06/2018 04:14:19: java.io.FileNotFoundException: empty (O sistema não pode encontrar o arquivo especificado)
15/06/2018 04:17:48: java.io.FileNotFoundException: LastLibraryUsed.txt (O sistema não pode encontrar o arquivo especificado)
15/06/2018 04:17:49: java.io.FileNotFoundException: LibrarySave.save (O sistema não pode encontrar o arquivo especificado)
15/06/2018 04:17:49: java.io.FileNotFoundException: empty (O sistema não pode encontrar o arquivo especificado)
15/06/2018 04:25:39: java.io.FileNotFoundException: LastLibraryUsed.txt (O sistema não pode encontrar o arquivo especificado)
15/06/2018 04:25:41: java.io.FileNotFoundException: LibrarySave.save (O sistema não pode encontrar o arquivo especificado)
15/06/2018 04:25:41: java.io.FileNotFoundException: empty (O sistema não pode encontrar o arquivo especificado)
15/06/2018 04:25:47: java.io.FileNotFoundException: LastLibraryUsed.txt (O sistema não pode encontrar o arquivo especificado)
15/06/2018 04:25:48: java.io.FileNotFoundException: LibrarySave.save (O sistema não pode encontrar o arquivo especificado)
15/06/2018 04:25:48: java.io.FileNotFoundException: empty (O sistema não pode encontrar o arquivo especificado)
15/06/2018 04:30:49: java.io.FileNotFoundException: LastLibraryUsed.txt (O sistema não pode encontrar o arquivo especificado)
15/06/2018 04:30:49: java.io.FileNotFoundException: LibrarySave.save (O sistema não pode encontrar o arquivo especificado)
15/06/2018 04:30:49: java.io.FileNotFoundException: empty (O sistema não pode encontrar o arquivo especificado)
15/06/2018 04:46:06: java.io.FileNotFoundException: LastLibraryUsed.txt (O sistema não pode encontrar o arquivo especificado)
15/06/2018 04:46:09: java.io.FileNotFoundException: LibrarySave.save (O sistema não pode encontrar o arquivo especificado)
15/06/2018 04:46:09: java.io.FileNotFoundException: empty (O sistema não pode encontrar o arquivo especificado)
15/06/2018 04:47:34: java.io.FileNotFoundException: LastLibraryUsed.txt (O sistema não pode encontrar o arquivo especificado)
15/06/2018 04:47:35: java.io.FileNotFoundException: LibrarySave.save (O sistema não pode encontrar o arquivo especificado)
15/06/2018 04:47:35: java.io.FileNotFoundException: empty (O sistema não pode encontrar o arquivo especificado)
15/06/2018 04:48:11: java.io.FileNotFoundException: LastLibraryUsed.txt (O sistema não pode encontrar o arquivo especificado)
15/06/2018 04:48:12: java.io.FileNotFoundException: LibrarySave.save (O sistema não pode encontrar o arquivo especificado)
15/06/2018 04:48:12: java.io.FileNotFoundException: empty (O sistema não pode encontrar o arquivo especificado)
15/06/2018 04:57:35: java.io.FileNotFoundException: LastLibraryUsed.txt (O sistema não pode encontrar o arquivo especificado)
15/06/2018 04:57:35: java.io.FileNotFoundException: LibrarySave.save (O sistema não pode encontrar o arquivo especificado)
15/06/2018 04:57:35: java.io.FileNotFoundException: empty (O sistema não pode encontrar o arquivo especificado)
15/06/2018 05:05:06: java.io.FileNotFoundException: LastLibraryUsed.txt (O sistema não pode encontrar o arquivo especificado)
15/06/2018 05:05:07: java.io.FileNotFoundException: LibrarySave.save (O sistema não pode encontrar o arquivo especificado)
15/06/2018 05:05:07: java.io.FileNotFoundException: empty (O sistema não pode encontrar o arquivo especificado)
15/06/2018 05:53:25: java.io.FileNotFoundException: LastLibraryUsed.txt (O sistema não pode encontrar o arquivo especificado)
15/06/2018 05:53:27: java.io.FileNotFoundException: LibrarySave.save (O sistema não pode encontrar o arquivo especificado)
15/06/2018 05:53:27: java.io.FileNotFoundException: empty (O sistema não pode encontrar o arquivo especificado)
09/04/2019 18:42:45: java.io.FileNotFoundException: LibrarySave.save (O sistema não pode encontrar o arquivo especificado)
09/04/2019 18:42:45: java.io.FileNotFoundException: C:\Users\Vinicios\Desktop\Biblioteca.save (O sistema não pode encontrar o arquivo especificado)
09/04/2019 18:44:06: java.io.FileNotFoundException: LibrarySave.save (O sistema não pode encontrar o arquivo especificado)
09/04/2019 18:44:06: java.io.FileNotFoundException: C:\Users\Vinicios\Desktop\Biblioteca.save (O sistema não pode encontrar o arquivo especificado)
12/06/2019 16:54:26: java.io.FileNotFoundException: LibrarySave.save (O sistema não pode encontrar o arquivo especificado)
12/06/2019 16:54:26: java.io.FileNotFoundException: C:\Users\Vinicios\Desktop\Biblioteca.save (O sistema não pode encontrar o arquivo especificado)
